
> jonnyai.website@0.1.0 build
> next build

⚠ Warning: Next.js inferred your workspace root, but it may not be correct.
 We detected multiple lockfiles and selected the directory of C:\Users\jonny\yarn.lock as the root directory.
 To silence this warning, set `turbopack.root` in your Next.js config, or consider removing one of the lockfiles if it's not needed.
   See https://nextjs.org/docs/app/api-reference/config/next-config-js/turbopack#root-directory for more information.
 Detected additional lockfiles: 
   * C:\Users\jonny\Desktop\AgOS 3.0 template\Clients\jonnyai.website\package-lock.json

▲ Next.js 16.1.6 (Turbopack)
- Environments: .env.local

  Creating an optimized production build ...
✓ Compiled successfully in 2.7s
  Skipping validation of types
  Collecting page data using 31 workers ...
  Generating static pages using 31 workers (0/23) ...
  Generating static pages using 31 workers (5/23) 
  Generating static pages using 31 workers (11/23) 
  Generating static pages using 31 workers (17/23) 
✓ Generating static pages using 31 workers (23/23) in 580.5ms
  Finalizing page optimization ...

> Build error occurred
[Error: EBUSY: resource busy or locked, unlink 'C:\Users\jonny\Desktop\AgOS 3.0 template\Clients\jonnyai.website\out\agents\elena.png'] {
  errno: -4082,
  code: 'EBUSY',
  syscall: 'unlink',
  path: 'C:\\Users\\jonny\\Desktop\\AgOS 3.0 template\\Clients\\jonnyai.website\\out\\agents\\elena.png'
}
